<?xml version="1.0" encoding="UTF-8"?>
<!-- Generated by org.testng.reporters.JUnitReportReporter -->
<testsuite hostname="EGCA1-0091" failures="0" tests="14" name="main.Start" time="61.384" errors="0" timestamp="2022-01-20T15:00:40 EET" skipped="0">
  <testcase classname="main.Start" name="startApplication" time="11.219"/>
  <system-out/>
  <testcase classname="main.Start" name="chooseAutoCompleteLink" time="3.145"/>
  <system-out/>
  <testcase classname="main.Start" name="fillAutoCompleteData" time="4.137"/>
  <system-out/>
  <testcase classname="main.Start" name="chooseButtonsLink" time="6.482"/>
  <system-out/>
  <testcase classname="main.Start" name="chooseCheckBoxs" time="5.539"/>
  <system-out/>
  <testcase classname="main.Start" name="chooseDatePicker" time="5.574"/>
  <system-out/>
  <testcase classname="main.Start" name="chooseEnableAndDisable" time="2.170"/>
  <system-out/>
  <testcase classname="main.Start" name="chooseUploadFile" time="1.406"/>
  <system-out/>
  <testcase classname="main.Start" name="chooseKeyAndMousPress" time="2.173"/>
  <system-out/>
  <testcase classname="main.Start" name="chooseModal" time="4.478"/>
  <system-out/>
  <testcase classname="main.Start" name="choosePageScroll" time="2.305"/>
  <system-out/>
  <testcase classname="main.Start" name="chooseRadioButtons" time="1.209"/>
  <system-out/>
  <testcase classname="main.Start" name="chooseSwitchWindows" time="3.327"/>
  <system-out/>
  <testcase classname="main.Start" name="chooseCompleteWebForm" time="8.220"/>
  <system-out/>
</testsuite> <!-- main.Start -->
